mode: set
github.com/ProfMalina/ai-for-developers-project-386/backend/internal/services/booking_service.go:19.121,25.2 1 1
github.com/ProfMalina/ai-for-developers-project-386/backend/internal/services/booking_service.go:28.112,31.16 2 1
github.com/ProfMalina/ai-for-developers-project-386/backend/internal/services/booking_service.go:31.16,33.3 1 1
github.com/ProfMalina/ai-for-developers-project-386/backend/internal/services/booking_service.go:38.2,48.23 2 1
github.com/ProfMalina/ai-for-developers-project-386/backend/internal/services/booking_service.go:48.23,50.17 2 1
github.com/ProfMalina/ai-for-developers-project-386/backend/internal/services/booking_service.go:50.17,52.4 1 1
github.com/ProfMalina/ai-for-developers-project-386/backend/internal/services/booking_service.go:54.3,54.24 1 1
github.com/ProfMalina/ai-for-developers-project-386/backend/internal/services/booking_service.go:54.24,56.4 1 1
github.com/ProfMalina/ai-for-developers-project-386/backend/internal/services/booking_service.go:59.3,59.40 1 1
github.com/ProfMalina/ai-for-developers-project-386/backend/internal/services/booking_service.go:59.40,61.4 1 1
github.com/ProfMalina/ai-for-developers-project-386/backend/internal/services/booking_service.go:63.3,64.33 2 1
github.com/ProfMalina/ai-for-developers-project-386/backend/internal/services/booking_service.go:65.8,68.3 1 1
github.com/ProfMalina/ai-for-developers-project-386/backend/internal/services/booking_service.go:71.2,72.16 2 1
github.com/ProfMalina/ai-for-developers-project-386/backend/internal/services/booking_service.go:72.16,74.3 1 0
github.com/ProfMalina/ai-for-developers-project-386/backend/internal/services/booking_service.go:76.2,76.14 1 1
github.com/ProfMalina/ai-for-developers-project-386/backend/internal/services/booking_service.go:76.14,78.3 1 1
github.com/ProfMalina/ai-for-developers-project-386/backend/internal/services/booking_service.go:81.2,81.52 1 1
github.com/ProfMalina/ai-for-developers-project-386/backend/internal/services/booking_service.go:81.52,83.3 1 1
github.com/ProfMalina/ai-for-developers-project-386/backend/internal/services/booking_service.go:86.2,86.27 1 1
github.com/ProfMalina/ai-for-developers-project-386/backend/internal/services/booking_service.go:86.27,87.76 1 1
github.com/ProfMalina/ai-for-developers-project-386/backend/internal/services/booking_service.go:87.76,90.4 1 0
github.com/ProfMalina/ai-for-developers-project-386/backend/internal/services/booking_service.go:93.2,93.21 1 1
github.com/ProfMalina/ai-for-developers-project-386/backend/internal/services/booking_service.go:97.91,99.2 1 1
github.com/ProfMalina/ai-for-developers-project-386/backend/internal/services/booking_service.go:102.165,103.14 1 1
github.com/ProfMalina/ai-for-developers-project-386/backend/internal/services/booking_service.go:103.14,105.3 1 1
github.com/ProfMalina/ai-for-developers-project-386/backend/internal/services/booking_service.go:106.2,106.36 1 1
github.com/ProfMalina/ai-for-developers-project-386/backend/internal/services/booking_service.go:106.36,108.3 1 1
github.com/ProfMalina/ai-for-developers-project-386/backend/internal/services/booking_service.go:110.2,111.16 2 1
github.com/ProfMalina/ai-for-developers-project-386/backend/internal/services/booking_service.go:111.16,113.3 1 0
github.com/ProfMalina/ai-for-developers-project-386/backend/internal/services/booking_service.go:115.2,120.8 2 1
github.com/ProfMalina/ai-for-developers-project-386/backend/internal/services/booking_service.go:124.71,126.16 2 1
github.com/ProfMalina/ai-for-developers-project-386/backend/internal/services/booking_service.go:126.16,128.3 1 0
github.com/ProfMalina/ai-for-developers-project-386/backend/internal/services/booking_service.go:130.2,130.35 1 1
github.com/ProfMalina/ai-for-developers-project-386/backend/internal/services/booking_service.go:130.35,132.3 1 1
github.com/ProfMalina/ai-for-developers-project-386/backend/internal/services/booking_service.go:134.2,134.47 1 1
github.com/ProfMalina/ai-for-developers-project-386/backend/internal/services/booking_service.go:134.47,136.3 1 0
github.com/ProfMalina/ai-for-developers-project-386/backend/internal/services/booking_service.go:139.2,139.27 1 1
github.com/ProfMalina/ai-for-developers-project-386/backend/internal/services/booking_service.go:139.28,142.3 0 0
github.com/ProfMalina/ai-for-developers-project-386/backend/internal/services/booking_service.go:144.2,144.12 1 1
github.com/ProfMalina/ai-for-developers-project-386/backend/internal/services/booking_service.go:148.71,150.2 1 1
github.com/ProfMalina/ai-for-developers-project-386/backend/internal/services/event_type_service.go:15.70,19.2 1 1
github.com/ProfMalina/ai-for-developers-project-386/backend/internal/services/event_type_service.go:22.134,30.47 2 1
github.com/ProfMalina/ai-for-developers-project-386/backend/internal/services/event_type_service.go:30.47,32.3 1 1
github.com/ProfMalina/ai-for-developers-project-386/backend/internal/services/event_type_service.go:34.2,34.16 1 1
github.com/ProfMalina/ai-for-developers-project-386/backend/internal/services/event_type_service.go:38.95,40.2 1 1
github.com/ProfMalina/ai-for-developers-project-386/backend/internal/services/event_type_service.go:43.169,44.14 1 1
github.com/ProfMalina/ai-for-developers-project-386/backend/internal/services/event_type_service.go:44.14,46.3 1 1
github.com/ProfMalina/ai-for-developers-project-386/backend/internal/services/event_type_service.go:47.2,47.36 1 1
github.com/ProfMalina/ai-for-developers-project-386/backend/internal/services/event_type_service.go:47.36,49.3 1 1
github.com/ProfMalina/ai-for-developers-project-386/backend/internal/services/event_type_service.go:51.2,52.16 2 1
github.com/ProfMalina/ai-for-developers-project-386/backend/internal/services/event_type_service.go:52.16,54.3 1 0
github.com/ProfMalina/ai-for-developers-project-386/backend/internal/services/event_type_service.go:56.2,61.8 2 1
github.com/ProfMalina/ai-for-developers-project-386/backend/internal/services/event_type_service.go:65.129,67.2 1 1
github.com/ProfMalina/ai-for-developers-project-386/backend/internal/services/event_type_service.go:70.73,72.2 1 1
github.com/ProfMalina/ai-for-developers-project-386/backend/internal/services/owner_service.go:16.58,20.2 1 1
github.com/ProfMalina/ai-for-developers-project-386/backend/internal/services/owner_service.go:23.106,30.50 2 1
github.com/ProfMalina/ai-for-developers-project-386/backend/internal/services/owner_service.go:30.50,32.3 1 1
github.com/ProfMalina/ai-for-developers-project-386/backend/internal/services/owner_service.go:34.2,34.19 1 1
github.com/ProfMalina/ai-for-developers-project-386/backend/internal/services/owner_service.go:38.87,40.2 1 1
github.com/ProfMalina/ai-for-developers-project-386/backend/internal/services/owner_service.go:43.76,54.2 2 1
github.com/ProfMalina/ai-for-developers-project-386/backend/internal/services/time_slot_service.go:19.137,25.2 1 1
github.com/ProfMalina/ai-for-developers-project-386/backend/internal/services/time_slot_service.go:28.84,30.2 1 1
github.com/ProfMalina/ai-for-developers-project-386/backend/internal/services/time_slot_service.go:33.93,35.2 1 1
github.com/ProfMalina/ai-for-developers-project-386/backend/internal/services/time_slot_service.go:38.189,39.14 1 1
github.com/ProfMalina/ai-for-developers-project-386/backend/internal/services/time_slot_service.go:39.14,41.3 1 1
github.com/ProfMalina/ai-for-developers-project-386/backend/internal/services/time_slot_service.go:42.2,42.36 1 1
github.com/ProfMalina/ai-for-developers-project-386/backend/internal/services/time_slot_service.go:42.36,44.3 1 1
github.com/ProfMalina/ai-for-developers-project-386/backend/internal/services/time_slot_service.go:46.2,47.16 2 1
github.com/ProfMalina/ai-for-developers-project-386/backend/internal/services/time_slot_service.go:47.16,49.3 1 1
github.com/ProfMalina/ai-for-developers-project-386/backend/internal/services/time_slot_service.go:51.2,56.8 2 1
github.com/ProfMalina/ai-for-developers-project-386/backend/internal/services/time_slot_service.go:60.185,61.14 1 1
github.com/ProfMalina/ai-for-developers-project-386/backend/internal/services/time_slot_service.go:61.14,63.3 1 0
github.com/ProfMalina/ai-for-developers-project-386/backend/internal/services/time_slot_service.go:64.2,64.36 1 1
github.com/ProfMalina/ai-for-developers-project-386/backend/internal/services/time_slot_service.go:64.36,66.3 1 0
github.com/ProfMalina/ai-for-developers-project-386/backend/internal/services/time_slot_service.go:68.2,69.16 2 1
github.com/ProfMalina/ai-for-developers-project-386/backend/internal/services/time_slot_service.go:69.16,71.3 1 0
github.com/ProfMalina/ai-for-developers-project-386/backend/internal/services/time_slot_service.go:74.2,76.29 3 1
github.com/ProfMalina/ai-for-developers-project-386/backend/internal/services/time_slot_service.go:76.29,77.32 1 1
github.com/ProfMalina/ai-for-developers-project-386/backend/internal/services/time_slot_service.go:77.32,79.4 1 1
github.com/ProfMalina/ai-for-developers-project-386/backend/internal/services/time_slot_service.go:83.2,89.8 3 1
github.com/ProfMalina/ai-for-developers-project-386/backend/internal/services/time_slot_service.go:93.150,96.16 2 0
github.com/ProfMalina/ai-for-developers-project-386/backend/internal/services/time_slot_service.go:96.16,98.3 1 0
github.com/ProfMalina/ai-for-developers-project-386/backend/internal/services/time_slot_service.go:100.2,101.26 2 0
github.com/ProfMalina/ai-for-developers-project-386/backend/internal/services/time_slot_service.go:101.26,102.62 1 0
github.com/ProfMalina/ai-for-developers-project-386/backend/internal/services/time_slot_service.go:102.62,105.4 2 0
github.com/ProfMalina/ai-for-developers-project-386/backend/internal/services/time_slot_service.go:105.9,107.4 1 0
github.com/ProfMalina/ai-for-developers-project-386/backend/internal/services/time_slot_service.go:108.8,110.3 1 0
github.com/ProfMalina/ai-for-developers-project-386/backend/internal/services/time_slot_service.go:112.2,113.24 2 0
github.com/ProfMalina/ai-for-developers-project-386/backend/internal/services/time_slot_service.go:113.24,116.17 3 0
github.com/ProfMalina/ai-for-developers-project-386/backend/internal/services/time_slot_service.go:116.17,118.4 1 0
github.com/ProfMalina/ai-for-developers-project-386/backend/internal/services/time_slot_service.go:121.2,122.22 2 0
github.com/ProfMalina/ai-for-developers-project-386/backend/internal/services/time_slot_service.go:122.22,125.17 3 0
github.com/ProfMalina/ai-for-developers-project-386/backend/internal/services/time_slot_service.go:125.17,127.4 1 0
github.com/ProfMalina/ai-for-developers-project-386/backend/internal/services/time_slot_service.go:131.2,132.16 2 0
github.com/ProfMalina/ai-for-developers-project-386/backend/internal/services/time_slot_service.go:132.16,134.3 1 0
github.com/ProfMalina/ai-for-developers-project-386/backend/internal/services/time_slot_service.go:136.2,137.16 2 0
github.com/ProfMalina/ai-for-developers-project-386/backend/internal/services/time_slot_service.go:137.16,139.3 1 0
github.com/ProfMalina/ai-for-developers-project-386/backend/internal/services/time_slot_service.go:142.2,143.37 2 0
github.com/ProfMalina/ai-for-developers-project-386/backend/internal/services/time_slot_service.go:143.37,145.3 1 0
github.com/ProfMalina/ai-for-developers-project-386/backend/internal/services/time_slot_service.go:148.2,157.25 2 0
github.com/ProfMalina/ai-for-developers-project-386/backend/internal/services/time_slot_service.go:157.25,159.3 1 0
github.com/ProfMalina/ai-for-developers-project-386/backend/internal/services/time_slot_service.go:161.2,161.57 1 0
github.com/ProfMalina/ai-for-developers-project-386/backend/internal/services/time_slot_service.go:161.57,163.3 1 0
github.com/ProfMalina/ai-for-developers-project-386/backend/internal/services/time_slot_service.go:165.2,170.33 4 0
github.com/ProfMalina/ai-for-developers-project-386/backend/internal/services/time_slot_service.go:170.33,176.21 3 0
github.com/ProfMalina/ai-for-developers-project-386/backend/internal/services/time_slot_service.go:176.21,178.4 1 0
github.com/ProfMalina/ai-for-developers-project-386/backend/internal/services/time_slot_service.go:180.3,180.26 1 0
github.com/ProfMalina/ai-for-developers-project-386/backend/internal/services/time_slot_service.go:180.26,188.33 3 0
github.com/ProfMalina/ai-for-developers-project-386/backend/internal/services/time_slot_service.go:188.33,191.30 2 0
github.com/ProfMalina/ai-for-developers-project-386/backend/internal/services/time_slot_service.go:191.30,192.11 1 0
github.com/ProfMalina/ai-for-developers-project-386/backend/internal/services/time_slot_service.go:196.5,203.52 2 0
github.com/ProfMalina/ai-for-developers-project-386/backend/internal/services/time_slot_service.go:203.52,205.6 1 0
github.com/ProfMalina/ai-for-developers-project-386/backend/internal/services/time_slot_service.go:207.5,210.24 3 0
github.com/ProfMalina/ai-for-developers-project-386/backend/internal/services/time_slot_service.go:214.3,214.45 1 0
github.com/ProfMalina/ai-for-developers-project-386/backend/internal/services/time_slot_service.go:217.2,220.8 1 0
github.com/ProfMalina/ai-for-developers-project-386/backend/internal/handlers/booking_handler.go:18.42,26.2 4 0
github.com/ProfMalina/ai-for-developers-project-386/backend/internal/handlers/booking_handler.go:29.47,36.37 6 0
github.com/ProfMalina/ai-for-developers-project-386/backend/internal/handlers/booking_handler.go:36.37,38.3 1 0
github.com/ProfMalina/ai-for-developers-project-386/backend/internal/handlers/booking_handler.go:40.2,41.16 2 0
github.com/ProfMalina/ai-for-developers-project-386/backend/internal/handlers/booking_handler.go:41.16,44.3 2 0
github.com/ProfMalina/ai-for-developers-project-386/backend/internal/handlers/booking_handler.go:46.2,46.43 1 0
github.com/ProfMalina/ai-for-developers-project-386/backend/internal/handlers/booking_handler.go:50.50,54.16 3 0
github.com/ProfMalina/ai-for-developers-project-386/backend/internal/handlers/booking_handler.go:54.16,57.3 2 0
github.com/ProfMalina/ai-for-developers-project-386/backend/internal/handlers/booking_handler.go:59.2,59.44 1 0
github.com/ProfMalina/ai-for-developers-project-386/backend/internal/handlers/booking_handler.go:63.49,67.16 3 0
github.com/ProfMalina/ai-for-developers-project-386/backend/internal/handlers/booking_handler.go:67.16,70.3 2 0
github.com/ProfMalina/ai-for-developers-project-386/backend/internal/handlers/booking_handler.go:72.2,72.14 1 0
github.com/ProfMalina/ai-for-developers-project-386/backend/internal/handlers/event_type_handler.go:20.46,24.2 1 1
github.com/ProfMalina/ai-for-developers-project-386/backend/internal/handlers/event_type_handler.go:27.51,29.19 2 1
github.com/ProfMalina/ai-for-developers-project-386/backend/internal/handlers/event_type_handler.go:29.19,31.3 1 1
github.com/ProfMalina/ai-for-developers-project-386/backend/internal/handlers/event_type_handler.go:33.2,34.47 2 1
github.com/ProfMalina/ai-for-developers-project-386/backend/internal/handlers/event_type_handler.go:34.47,37.3 2 1
github.com/ProfMalina/ai-for-developers-project-386/backend/internal/handlers/event_type_handler.go:39.2,40.16 2 0
github.com/ProfMalina/ai-for-developers-project-386/backend/internal/handlers/event_type_handler.go:40.16,43.3 2 0
github.com/ProfMalina/ai-for-developers-project-386/backend/internal/handlers/event_type_handler.go:45.2,45.44 1 0
github.com/ProfMalina/ai-for-developers-project-386/backend/internal/handlers/event_type_handler.go:49.52,53.16 3 0
github.com/ProfMalina/ai-for-developers-project-386/backend/internal/handlers/event_type_handler.go:53.16,56.3 2 0
github.com/ProfMalina/ai-for-developers-project-386/backend/internal/handlers/event_type_handler.go:58.2,58.39 1 0
github.com/ProfMalina/ai-for-developers-project-386/backend/internal/handlers/event_type_handler.go:62.49,64.19 2 0
github.com/ProfMalina/ai-for-developers-project-386/backend/internal/handlers/event_type_handler.go:64.19,66.3 1 0
github.com/ProfMalina/ai-for-developers-project-386/backend/internal/handlers/event_type_handler.go:68.2,74.16 6 0
github.com/ProfMalina/ai-for-developers-project-386/backend/internal/handlers/event_type_handler.go:74.16,77.3 2 0
github.com/ProfMalina/ai-for-developers-project-386/backend/internal/handlers/event_type_handler.go:79.2,79.43 1 0
github.com/ProfMalina/ai-for-developers-project-386/backend/internal/handlers/event_type_handler.go:83.51,87.47 3 0
github.com/ProfMalina/ai-for-developers-project-386/backend/internal/handlers/event_type_handler.go:87.47,90.3 2 0
github.com/ProfMalina/ai-for-developers-project-386/backend/internal/handlers/event_type_handler.go:92.2,93.16 2 0
github.com/ProfMalina/ai-for-developers-project-386/backend/internal/handlers/event_type_handler.go:93.16,94.44 1 0
github.com/ProfMalina/ai-for-developers-project-386/backend/internal/handlers/event_type_handler.go:94.44,97.4 2 0
github.com/ProfMalina/ai-for-developers-project-386/backend/internal/handlers/event_type_handler.go:98.3,99.9 2 0
github.com/ProfMalina/ai-for-developers-project-386/backend/internal/handlers/event_type_handler.go:102.2,102.39 1 0
github.com/ProfMalina/ai-for-developers-project-386/backend/internal/handlers/event_type_handler.go:106.51,110.16 3 0
github.com/ProfMalina/ai-for-developers-project-386/backend/internal/handlers/event_type_handler.go:110.16,113.3 2 0
github.com/ProfMalina/ai-for-developers-project-386/backend/internal/handlers/event_type_handler.go:115.2,115.14 1 0
github.com/ProfMalina/ai-for-developers-project-386/backend/internal/handlers/helpers.go:11.68,13.2 1 1
github.com/ProfMalina/ai-for-developers-project-386/backend/internal/handlers/helpers.go:16.75,21.2 1 1
github.com/ProfMalina/ai-for-developers-project-386/backend/internal/handlers/helpers.go:24.71,30.2 1 0
github.com/ProfMalina/ai-for-developers-project-386/backend/internal/handlers/helpers.go:33.48,35.2 1 1
github.com/ProfMalina/ai-for-developers-project-386/backend/internal/handlers/helpers.go:38.49,40.2 1 1
github.com/ProfMalina/ai-for-developers-project-386/backend/internal/handlers/helpers.go:43.47,45.2 1 0
github.com/ProfMalina/ai-for-developers-project-386/backend/internal/handlers/helpers.go:48.32,50.2 1 1
github.com/ProfMalina/ai-for-developers-project-386/backend/internal/handlers/owner_handler.go:18.38,22.2 1 1
github.com/ProfMalina/ai-for-developers-project-386/backend/internal/handlers/owner_handler.go:25.47,27.47 2 1
github.com/ProfMalina/ai-for-developers-project-386/backend/internal/handlers/owner_handler.go:27.47,30.3 2 1
github.com/ProfMalina/ai-for-developers-project-386/backend/internal/handlers/owner_handler.go:32.2,33.16 2 0
github.com/ProfMalina/ai-for-developers-project-386/backend/internal/handlers/owner_handler.go:33.16,36.3 2 0
github.com/ProfMalina/ai-for-developers-project-386/backend/internal/handlers/owner_handler.go:38.2,38.47 1 0
github.com/ProfMalina/ai-for-developers-project-386/backend/internal/handlers/owner_handler.go:42.48,46.16 3 0
github.com/ProfMalina/ai-for-developers-project-386/backend/internal/handlers/owner_handler.go:46.16,49.3 2 0
github.com/ProfMalina/ai-for-developers-project-386/backend/internal/handlers/owner_handler.go:51.2,51.42 1 0
github.com/ProfMalina/ai-for-developers-project-386/backend/internal/handlers/public_booking_handler.go:18.54,26.2 1 1
github.com/ProfMalina/ai-for-developers-project-386/backend/internal/handlers/public_booking_handler.go:29.55,31.47 2 1
github.com/ProfMalina/ai-for-developers-project-386/backend/internal/handlers/public_booking_handler.go:31.47,34.3 2 1
github.com/ProfMalina/ai-for-developers-project-386/backend/internal/handlers/public_booking_handler.go:37.2,37.27 1 0
github.com/ProfMalina/ai-for-developers-project-386/backend/internal/handlers/public_booking_handler.go:37.27,40.3 2 0
github.com/ProfMalina/ai-for-developers-project-386/backend/internal/handlers/public_booking_handler.go:42.2,42.44 1 0
github.com/ProfMalina/ai-for-developers-project-386/backend/internal/handlers/public_booking_handler.go:42.44,45.3 2 0
github.com/ProfMalina/ai-for-developers-project-386/backend/internal/handlers/public_booking_handler.go:47.2,47.25 1 0
github.com/ProfMalina/ai-for-developers-project-386/backend/internal/handlers/public_booking_handler.go:47.25,50.3 2 0
github.com/ProfMalina/ai-for-developers-project-386/backend/internal/handlers/public_booking_handler.go:52.2,52.26 1 0
github.com/ProfMalina/ai-for-developers-project-386/backend/internal/handlers/public_booking_handler.go:52.26,55.3 2 0
github.com/ProfMalina/ai-for-developers-project-386/backend/internal/handlers/public_booking_handler.go:57.2,58.16 2 0
github.com/ProfMalina/ai-for-developers-project-386/backend/internal/handlers/public_booking_handler.go:58.16,60.60 1 0
github.com/ProfMalina/ai-for-developers-project-386/backend/internal/handlers/public_booking_handler.go:60.60,63.4 2 0
github.com/ProfMalina/ai-for-developers-project-386/backend/internal/handlers/public_booking_handler.go:64.3,65.9 2 0
github.com/ProfMalina/ai-for-developers-project-386/backend/internal/handlers/public_booking_handler.go:68.2,68.49 1 0
github.com/ProfMalina/ai-for-developers-project-386/backend/internal/handlers/public_event_type_handler.go:21.58,30.2 1 0
github.com/ProfMalina/ai-for-developers-project-386/backend/internal/handlers/public_event_type_handler.go:33.55,42.16 7 0
github.com/ProfMalina/ai-for-developers-project-386/backend/internal/handlers/public_event_type_handler.go:42.16,45.3 2 0
github.com/ProfMalina/ai-for-developers-project-386/backend/internal/handlers/public_event_type_handler.go:47.2,47.43 1 0
github.com/ProfMalina/ai-for-developers-project-386/backend/internal/handlers/public_event_type_handler.go:51.58,55.16 3 0
github.com/ProfMalina/ai-for-developers-project-386/backend/internal/handlers/public_event_type_handler.go:55.16,58.3 2 0
github.com/ProfMalina/ai-for-developers-project-386/backend/internal/handlers/public_event_type_handler.go:61.2,61.18 1 0
github.com/ProfMalina/ai-for-developers-project-386/backend/internal/handlers/public_event_type_handler.go:61.18,64.3 2 0
github.com/ProfMalina/ai-for-developers-project-386/backend/internal/handlers/public_event_type_handler.go:66.2,66.39 1 0
github.com/ProfMalina/ai-for-developers-project-386/backend/internal/handlers/public_event_type_handler.go:70.59,78.53 5 0
github.com/ProfMalina/ai-for-developers-project-386/backend/internal/handlers/public_event_type_handler.go:78.53,79.63 1 0
github.com/ProfMalina/ai-for-developers-project-386/backend/internal/handlers/public_event_type_handler.go:79.63,81.4 1 0
github.com/ProfMalina/ai-for-developers-project-386/backend/internal/handlers/public_event_type_handler.go:83.2,83.47 1 0
github.com/ProfMalina/ai-for-developers-project-386/backend/internal/handlers/public_event_type_handler.go:83.47,84.61 1 0
github.com/ProfMalina/ai-for-developers-project-386/backend/internal/handlers/public_event_type_handler.go:84.61,86.4 1 0
github.com/ProfMalina/ai-for-developers-project-386/backend/internal/handlers/public_event_type_handler.go:89.2,90.16 2 0
github.com/ProfMalina/ai-for-developers-project-386/backend/internal/handlers/public_event_type_handler.go:90.16,93.3 2 0
github.com/ProfMalina/ai-for-developers-project-386/backend/internal/handlers/public_event_type_handler.go:95.2,95.43 1 0
github.com/ProfMalina/ai-for-developers-project-386/backend/internal/handlers/time_slot_handler.go:21.44,29.2 1 0
github.com/ProfMalina/ai-for-developers-project-386/backend/internal/handlers/time_slot_handler.go:32.48,34.19 2 0
github.com/ProfMalina/ai-for-developers-project-386/backend/internal/handlers/time_slot_handler.go:34.19,36.3 1 0
github.com/ProfMalina/ai-for-developers-project-386/backend/internal/handlers/time_slot_handler.go:38.2,42.54 4 0
github.com/ProfMalina/ai-for-developers-project-386/backend/internal/handlers/time_slot_handler.go:42.54,45.3 2 0
github.com/ProfMalina/ai-for-developers-project-386/backend/internal/handlers/time_slot_handler.go:47.2,48.54 2 0
github.com/ProfMalina/ai-for-developers-project-386/backend/internal/handlers/time_slot_handler.go:48.54,50.17 2 0
github.com/ProfMalina/ai-for-developers-project-386/backend/internal/handlers/time_slot_handler.go:50.17,52.4 1 0
github.com/ProfMalina/ai-for-developers-project-386/backend/internal/handlers/time_slot_handler.go:55.2,56.48 2 0
github.com/ProfMalina/ai-for-developers-project-386/backend/internal/handlers/time_slot_handler.go:56.48,58.17 2 0
github.com/ProfMalina/ai-for-developers-project-386/backend/internal/handlers/time_slot_handler.go:58.17,60.4 1 0
github.com/ProfMalina/ai-for-developers-project-386/backend/internal/handlers/time_slot_handler.go:63.2,64.16 2 0
github.com/ProfMalina/ai-for-developers-project-386/backend/internal/handlers/time_slot_handler.go:64.16,67.3 2 0
github.com/ProfMalina/ai-for-developers-project-386/backend/internal/handlers/time_slot_handler.go:69.2,69.43 1 0
github.com/ProfMalina/ai-for-developers-project-386/backend/internal/handlers/time_slot_handler.go:73.57,75.19 2 0
github.com/ProfMalina/ai-for-developers-project-386/backend/internal/handlers/time_slot_handler.go:75.19,77.3 1 0
github.com/ProfMalina/ai-for-developers-project-386/backend/internal/handlers/time_slot_handler.go:79.2,80.47 2 0
github.com/ProfMalina/ai-for-developers-project-386/backend/internal/handlers/time_slot_handler.go:80.47,83.3 2 0
github.com/ProfMalina/ai-for-developers-project-386/backend/internal/handlers/time_slot_handler.go:86.2,86.56 1 0
github.com/ProfMalina/ai-for-developers-project-386/backend/internal/handlers/time_slot_handler.go:86.56,89.3 2 0
github.com/ProfMalina/ai-for-developers-project-386/backend/internal/handlers/time_slot_handler.go:91.2,92.16 2 0
github.com/ProfMalina/ai-for-developers-project-386/backend/internal/handlers/time_slot_handler.go:92.16,95.3 2 0
github.com/ProfMalina/ai-for-developers-project-386/backend/internal/handlers/time_slot_handler.go:97.2,97.48 1 0
